
10/23/15 @ 18:44:26  * Door closed 
10/23/15 @ 18:44:26  * Relay Two on 
10/23/15 @ 18:44:25  * Relay One on 
10/23/15 @ 17:00:01  - Sunset tonight:  18:14
10/23/15 @ 08:01:35  - Door opened 
10/23/15 @ 08:01:34  - Relay Two off 
10/23/15 @ 08:01:34  - Relay One on 
10/23/15 @ 06:00:02  - Sunrise today:  07:31

10/22/15 @ 18:46:08  * Door closed 
10/22/15 @ 18:46:07  * Relay Two on 
10/22/15 @ 18:46:06  * Relay One on 
10/22/15 @ 17:00:01  - Sunset tonight:  18:16
10/22/15 @ 08:07:51  - Sunset tonight was:  18:16
10/22/15 @ 08:00:14  - Door opened 
10/22/15 @ 08:00:13  - Relay Two off 
10/22/15 @ 08:00:13  - Relay One on 
10/22/15 @ 06:00:01  - Sunrise today was:  07:30

10/21/15 @ 18:47:49  * Door closed 

10/21/15 @ 18:47:49  * Relay Two on 

10/21/15 @ 18:47:48  * Relay One on 
10/21/15 @ 17:00:01  - Sunset tonight was:  18:17
10/21/15 @ 07:58:54  - Door opened 
10/21/15 @ 07:58:53  - Relay Two off 
10/21/15 @ 07:58:52  - Relay One on 
10/21/15 @ 06:00:01  - Sunrise today was:  07:28

10/20/15 @ 18:49:32  * Door closed 

10/20/15 @ 18:49:31  * Relay Two on 

10/20/15 @ 18:49:30  * Relay One on 
10/20/15 @ 17:00:01  - Sunset tonight was:  18:19
10/20/15 @ 12:21:24  - Sunset tonight was:  18:19
10/20/15 @ 12:21:18  - Door opened 
10/20/15 @ 12:21:18  - Relay Two off 
10/20/15 @ 12:21:17  - Relay One on 
10/20/15 @ 12:21:17  - Sunrise today was:  07:27
10/20/15 @ 12:19:46  - Door opened 
10/20/15 @ 12:19:45  - Relay Two off 
10/20/15 @ 12:19:44  - Relay One on 
10/20/15 @ 12:19:44  - Sunrise today was:  07:27
10/20/15 @ 07:58:07  - Door opened 
10/20/15 @ 07:58:07  - Door opened 
10/20/15 @ 07:58:02  - Door opened 
10/20/15 @ 07:57:56  - Door opened 
